<?xml version='1.0' encoding='UTF-8'?>
<result plugin="junit@1.20">
  <suites>
    <suite>
      <file>/var/lib/jenkins/workspace/camisascriativas/target/surefire-reports/TEST-unit.br.com.camisascriativas.models.CarrinhoDeComprasTest.xml</file>
      <name>unit.br.com.camisascriativas.models.CarrinhoDeComprasTest</name>
      <duration>0.06</duration>
      <time>0.06</time>
      <cases>
        <case>
          <duration>0.056</duration>
          <className>unit.br.com.camisascriativas.models.CarrinhoDeComprasTest</className>
          <testName>deveRemoverItensDoCarrinhoDeCompras</testName>
          <skipped>false</skipped>
          <failedSince>0</failedSince>
        </case>
        <case>
          <duration>0.0</duration>
          <className>unit.br.com.camisascriativas.models.CarrinhoDeComprasTest</className>
          <testName>deveRetornarZeroSeCarrinhoEstiverVazio</testName>
          <skipped>false</skipped>
          <failedSince>0</failedSince>
        </case>
        <case>
          <duration>0.0</duration>
          <className>unit.br.com.camisascriativas.models.CarrinhoDeComprasTest</className>
          <testName>deveAdicionarItensNoCarrinhoDeCompras</testName>
          <skipped>false</skipped>
          <failedSince>0</failedSince>
        </case>
        <case>
          <duration>0.0</duration>
          <className>unit.br.com.camisascriativas.models.CarrinhoDeComprasTest</className>
          <testName>deveRetornarMaiorValorSeCarrinhoContemMuitosElementos</testName>
          <skipped>false</skipped>
          <failedSince>0</failedSince>
        </case>
        <case>
          <duration>0.004</duration>
          <className>unit.br.com.camisascriativas.models.CarrinhoDeComprasTest</className>
          <testName>deveRetornarValorDoItemSeCarrinhoTiverApenasUmElemento</testName>
          <skipped>false</skipped>
          <failedSince>0</failedSince>
        </case>
      </cases>
    </suite>
  </suites>
  <duration>0.06</duration>
  <keepLongStdio>false</keepLongStdio>
</result>